Analysis & Elaboration report for DUT
Sun Dec 03 10:12:42 2023
Quartus Prime Version 20.1.1 Build 720 11/11/2020 SJ Lite Edition


---------------------
; Table of Contents ;
---------------------
  1. Legal Notice
  2. Analysis & Elaboration Summary
  3. Parallel Compilation
  4. Analysis & Elaboration Settings
  5. Analysis & Elaboration Messages



----------------
; Legal Notice ;
----------------
Copyright (C) 2020  Intel Corporation. All rights reserved.
Your use of Intel Corporation's design tools, logic functions 
and other software and tools, and any partner logic 
functions, and any output files from any of the foregoing 
(including device programming or simulation files), and any 
associated documentation or information are expressly subject 
to the terms and conditions of the Intel Program License 
Subscription Agreement, the Intel Quartus Prime License Agreement,
the Intel FPGA IP License Agreement, or other applicable license
agreement, including, without limitation, that your use is for
the sole purpose of programming logic devices manufactured by
Intel and sold by Intel or its authorized distributors.  Please
refer to the applicable agreement for further details, at
https://fpgasoftware.intel.com/eula.



+----------------------------------------------------------------------------------+
; Analysis & Elaboration Summary                                                   ;
+------------------------------------+---------------------------------------------+
; Analysis & Elaboration Status      ; Failed - Sun Dec 03 10:12:42 2023           ;
; Quartus Prime Version              ; 20.1.1 Build 720 11/11/2020 SJ Lite Edition ;
; Revision Name                      ; DUT                                         ;
; Top-level Entity Name              ; DUT                                         ;
; Family                             ; MAX 10                                      ;
; Total logic elements               ; N/A until Partition Merge                   ;
;     Total combinational functions  ; N/A until Partition Merge                   ;
;     Dedicated logic registers      ; N/A until Partition Merge                   ;
; Total registers                    ; N/A until Partition Merge                   ;
; Total pins                         ; N/A until Partition Merge                   ;
; Total virtual pins                 ; N/A until Partition Merge                   ;
; Total memory bits                  ; N/A until Partition Merge                   ;
; Embedded Multiplier 9-bit elements ; N/A until Partition Merge                   ;
; Total PLLs                         ; N/A until Partition Merge                   ;
; UFM blocks                         ; N/A until Partition Merge                   ;
; ADC blocks                         ; N/A until Partition Merge                   ;
+------------------------------------+---------------------------------------------+


+------------------------------------------+
; Parallel Compilation                     ;
+----------------------------+-------------+
; Processors                 ; Number      ;
+----------------------------+-------------+
; Number detected on machine ; 8           ;
; Maximum allowed            ; 4           ;
;                            ;             ;
; Average used               ; 1.00        ;
; Maximum used               ; 1           ;
;                            ;             ;
; Usage by Processor         ; % Time Used ;
;     Processor 1            ; 100.0%      ;
+----------------------------+-------------+


+------------------------------------------------------------------------------------------------------------+
; Analysis & Elaboration Settings                                                                            ;
+------------------------------------------------------------------+--------------------+--------------------+
; Option                                                           ; Setting            ; Default Value      ;
+------------------------------------------------------------------+--------------------+--------------------+
; Device                                                           ; 10M25SAE144C8G     ;                    ;
; Top-level entity name                                            ; DUT                ; DUT                ;
; Family name                                                      ; MAX 10             ; Cyclone V          ;
; Use smart compilation                                            ; Off                ; Off                ;
; Enable parallel Assembler and Timing Analyzer during compilation ; On                 ; On                 ;
; Enable compact report table                                      ; Off                ; Off                ;
; Restructure Multiplexers                                         ; Auto               ; Auto               ;
; Create Debugging Nodes for IP Cores                              ; Off                ; Off                ;
; Preserve fewer node names                                        ; On                 ; On                 ;
; Intel FPGA IP Evaluation Mode                                    ; Enable             ; Enable             ;
; Verilog Version                                                  ; Verilog_2001       ; Verilog_2001       ;
; VHDL Version                                                     ; VHDL_1993          ; VHDL_1993          ;
; State Machine Processing                                         ; Auto               ; Auto               ;
; Safe State Machine                                               ; Off                ; Off                ;
; Extract Verilog State Machines                                   ; On                 ; On                 ;
; Extract VHDL State Machines                                      ; On                 ; On                 ;
; Ignore Verilog initial constructs                                ; Off                ; Off                ;
; Iteration limit for constant Verilog loops                       ; 5000               ; 5000               ;
; Iteration limit for non-constant Verilog loops                   ; 250                ; 250                ;
; Add Pass-Through Logic to Inferred RAMs                          ; On                 ; On                 ;
; Infer RAMs from Raw Logic                                        ; On                 ; On                 ;
; Parallel Synthesis                                               ; On                 ; On                 ;
; DSP Block Balancing                                              ; Auto               ; Auto               ;
; NOT Gate Push-Back                                               ; On                 ; On                 ;
; Power-Up Don't Care                                              ; On                 ; On                 ;
; Remove Redundant Logic Cells                                     ; Off                ; Off                ;
; Remove Duplicate Registers                                       ; On                 ; On                 ;
; Ignore CARRY Buffers                                             ; Off                ; Off                ;
; Ignore CASCADE Buffers                                           ; Off                ; Off                ;
; Ignore GLOBAL Buffers                                            ; Off                ; Off                ;
; Ignore ROW GLOBAL Buffers                                        ; Off                ; Off                ;
; Ignore LCELL Buffers                                             ; Off                ; Off                ;
; Ignore SOFT Buffers                                              ; On                 ; On                 ;
; Limit AHDL Integers to 32 Bits                                   ; Off                ; Off                ;
; Optimization Technique                                           ; Balanced           ; Balanced           ;
; Carry Chain Length                                               ; 70                 ; 70                 ;
; Auto Carry Chains                                                ; On                 ; On                 ;
; Auto Open-Drain Pins                                             ; On                 ; On                 ;
; Perform WYSIWYG Primitive Resynthesis                            ; Off                ; Off                ;
; Auto ROM Replacement                                             ; On                 ; On                 ;
; Auto RAM Replacement                                             ; On                 ; On                 ;
; Auto DSP Block Replacement                                       ; On                 ; On                 ;
; Auto Shift Register Replacement                                  ; Auto               ; Auto               ;
; Allow Shift Register Merging across Hierarchies                  ; Auto               ; Auto               ;
; Auto Clock Enable Replacement                                    ; On                 ; On                 ;
; Strict RAM Replacement                                           ; Off                ; Off                ;
; Allow Synchronous Control Signals                                ; On                 ; On                 ;
; Force Use of Synchronous Clear Signals                           ; Off                ; Off                ;
; Auto RAM Block Balancing                                         ; On                 ; On                 ;
; Auto RAM to Logic Cell Conversion                                ; Off                ; Off                ;
; Auto Resource Sharing                                            ; Off                ; Off                ;
; Allow Any RAM Size For Recognition                               ; Off                ; Off                ;
; Allow Any ROM Size For Recognition                               ; Off                ; Off                ;
; Allow Any Shift Register Size For Recognition                    ; Off                ; Off                ;
; Use LogicLock Constraints during Resource Balancing              ; On                 ; On                 ;
; Ignore translate_off and synthesis_off directives                ; Off                ; Off                ;
; Timing-Driven Synthesis                                          ; On                 ; On                 ;
; Report Parameter Settings                                        ; On                 ; On                 ;
; Report Source Assignments                                        ; On                 ; On                 ;
; Report Connectivity Checks                                       ; On                 ; On                 ;
; Ignore Maximum Fan-Out Assignments                               ; Off                ; Off                ;
; Synchronization Register Chain Length                            ; 2                  ; 2                  ;
; Power Optimization During Synthesis                              ; Normal compilation ; Normal compilation ;
; HDL message level                                                ; Level2             ; Level2             ;
; Suppress Register Optimization Related Messages                  ; Off                ; Off                ;
; Number of Removed Registers Reported in Synthesis Report         ; 5000               ; 5000               ;
; Number of Swept Nodes Reported in Synthesis Report               ; 5000               ; 5000               ;
; Number of Inverted Registers Reported in Synthesis Report        ; 100                ; 100                ;
; Clock MUX Protection                                             ; On                 ; On                 ;
; Auto Gated Clock Conversion                                      ; Off                ; Off                ;
; Block Design Naming                                              ; Auto               ; Auto               ;
; SDC constraint protection                                        ; Off                ; Off                ;
; Synthesis Effort                                                 ; Auto               ; Auto               ;
; Shift Register Replacement - Allow Asynchronous Clear Signal     ; On                 ; On                 ;
; Pre-Mapping Resynthesis Optimization                             ; Off                ; Off                ;
; Analysis & Synthesis Message Level                               ; Medium             ; Medium             ;
; Disable Register Merging Across Hierarchies                      ; Auto               ; Auto               ;
; Resource Aware Inference For Block RAM                           ; On                 ; On                 ;
+------------------------------------------------------------------+--------------------+--------------------+


+---------------------------------+
; Analysis & Elaboration Messages ;
+---------------------------------+
Info: *******************************************************************
Info: Running Quartus Prime Analysis & Elaboration
    Info: Version 20.1.1 Build 720 11/11/2020 SJ Lite Edition
    Info: Processing started: Sun Dec 03 10:12:31 2023
Info: Command: quartus_map --read_settings_files=on --write_settings_files=off superscalar -c DUT --analysis_and_elaboration
Warning (18236): Number of processors has not been specified which may cause overloading on shared machines.  Set the global assignment NUM_PARALLEL_PROCESSORS in your QSF to an appropriate value for best performance.
Info (20030): Parallel compilation is enabled and will use 4 of the 4 processors detected
Info (12021): Found 2 design units, including 1 entities, in source file tag_gen.vhd
    Info (12022): Found design unit 1: tag_gen-tag_giver File: C:/Users/Kartik U C/Documents/GitHub/EE739-Superscalar/Superscalar/tag_gen.vhd Line: 17
    Info (12023): Found entity 1: tag_gen File: C:/Users/Kartik U C/Documents/GitHub/EE739-Superscalar/Superscalar/tag_gen.vhd Line: 7
Info (12021): Found 2 design units, including 1 entities, in source file rob.vhd
    Info (12022): Found design unit 1: ROB-behav File: C:/Users/Kartik U C/Documents/GitHub/EE739-Superscalar/Superscalar/ROB.vhd Line: 31
    Info (12023): Found entity 1: ROB File: C:/Users/Kartik U C/Documents/GitHub/EE739-Superscalar/Superscalar/ROB.vhd Line: 4
Info (12021): Found 2 design units, including 1 entities, in source file prf.vhd
    Info (12022): Found design unit 1: PRF-behav File: C:/Users/Kartik U C/Documents/GitHub/EE739-Superscalar/Superscalar/PRF.vhd Line: 37
    Info (12023): Found entity 1: PRF File: C:/Users/Kartik U C/Documents/GitHub/EE739-Superscalar/Superscalar/PRF.vhd Line: 5
Info (12021): Found 2 design units, including 1 entities, in source file int_pipeline.vhdl
    Info (12022): Found design unit 1: int_pipeline-behavioural File: C:/Users/Kartik U C/Documents/GitHub/EE739-Superscalar/Superscalar/int_pipeline.vhdl Line: 15
    Info (12023): Found entity 1: int_pipeline File: C:/Users/Kartik U C/Documents/GitHub/EE739-Superscalar/Superscalar/int_pipeline.vhdl Line: 4
Info (12021): Found 2 design units, including 1 entities, in source file datamem.vhd
    Info (12022): Found design unit 1: datamem-behav File: C:/Users/Kartik U C/Documents/GitHub/EE739-Superscalar/Superscalar/datamem.vhd Line: 17
    Info (12023): Found entity 1: datamem File: C:/Users/Kartik U C/Documents/GitHub/EE739-Superscalar/Superscalar/datamem.vhd Line: 8
Info (12021): Found 2 design units, including 1 entities, in source file controlalu.vhdl
    Info (12022): Found design unit 1: controlalu-bhv File: C:/Users/Kartik U C/Documents/GitHub/EE739-Superscalar/Superscalar/controlalu.vhdl Line: 13
    Info (12023): Found entity 1: controlalu File: C:/Users/Kartik U C/Documents/GitHub/EE739-Superscalar/Superscalar/controlalu.vhdl Line: 4
Info (12021): Found 2 design units, including 1 entities, in source file alu.vhdl
    Info (12022): Found design unit 1: alu-bhv File: C:/Users/Kartik U C/Documents/GitHub/EE739-Superscalar/Superscalar/alu.vhdl Line: 13
    Info (12023): Found entity 1: alu File: C:/Users/Kartik U C/Documents/GitHub/EE739-Superscalar/Superscalar/alu.vhdl Line: 4
Info (12021): Found 2 design units, including 1 entities, in source file addone.vhd
    Info (12022): Found design unit 1: addone-behav File: C:/Users/Kartik U C/Documents/GitHub/EE739-Superscalar/Superscalar/addone.vhd Line: 12
    Info (12023): Found entity 1: addone File: C:/Users/Kartik U C/Documents/GitHub/EE739-Superscalar/Superscalar/addone.vhd Line: 5
Info (12021): Found 2 design units, including 1 entities, in source file seq_extender.vhd
    Info (12022): Found design unit 1: seq_ex-design File: C:/Users/Kartik U C/Documents/GitHub/EE739-Superscalar/Superscalar/seq_extender.vhd Line: 9
    Info (12023): Found entity 1: seq_ex File: C:/Users/Kartik U C/Documents/GitHub/EE739-Superscalar/Superscalar/seq_extender.vhd Line: 4
Info (12021): Found 2 design units, including 1 entities, in source file se9_16.vhd
    Info (12022): Found design unit 1: extendimm9-design File: C:/Users/Kartik U C/Documents/GitHub/EE739-Superscalar/Superscalar/se9_16.vhd Line: 9
    Info (12023): Found entity 1: extendimm9 File: C:/Users/Kartik U C/Documents/GitHub/EE739-Superscalar/Superscalar/se9_16.vhd Line: 4
Info (12021): Found 2 design units, including 1 entities, in source file se7_16.vhd
    Info (12022): Found design unit 1: extendimm6-design File: C:/Users/Kartik U C/Documents/GitHub/EE739-Superscalar/Superscalar/se7_16.vhd Line: 9
    Info (12023): Found entity 1: extendimm6 File: C:/Users/Kartik U C/Documents/GitHub/EE739-Superscalar/Superscalar/se7_16.vhd Line: 4
Info (12021): Found 2 design units, including 1 entities, in source file testbench.vhdl
    Info (12022): Found design unit 1: Testbench-Behave File: C:/Users/Kartik U C/Documents/GitHub/EE739-Superscalar/Superscalar/Testbench.vhdl Line: 10
    Info (12023): Found entity 1: Testbench File: C:/Users/Kartik U C/Documents/GitHub/EE739-Superscalar/Superscalar/Testbench.vhdl Line: 7
Info (12021): Found 2 design units, including 1 entities, in source file dut.vhdl
    Info (12022): Found design unit 1: DUT-DutWrap File: C:/Users/Kartik U C/Documents/GitHub/EE739-Superscalar/Superscalar/DUT.vhdl Line: 9
    Info (12023): Found entity 1: DUT File: C:/Users/Kartik U C/Documents/GitHub/EE739-Superscalar/Superscalar/DUT.vhdl Line: 4
Info (12021): Found 2 design units, including 1 entities, in source file instrucmem.vhd
    Info (12022): Found design unit 1: instrucmem-behav File: C:/Users/Kartik U C/Documents/GitHub/EE739-Superscalar/Superscalar/instrucmem.vhd Line: 17
    Info (12023): Found entity 1: instrucmem File: C:/Users/Kartik U C/Documents/GitHub/EE739-Superscalar/Superscalar/instrucmem.vhd Line: 9
Info (12021): Found 2 design units, including 1 entities, in source file pcincrement.vhd
    Info (12022): Found design unit 1: pcincrement-behav File: C:/Users/Kartik U C/Documents/GitHub/EE739-Superscalar/Superscalar/pcincrement.vhd Line: 14
    Info (12023): Found entity 1: pcincrement File: C:/Users/Kartik U C/Documents/GitHub/EE739-Superscalar/Superscalar/pcincrement.vhd Line: 7
Info (12021): Found 2 design units, including 1 entities, in source file concatenate.vhd
    Info (12022): Found design unit 1: concatenate-behav File: C:/Users/Kartik U C/Documents/GitHub/EE739-Superscalar/Superscalar/concatenate.vhd Line: 15
    Info (12023): Found entity 1: concatenate File: C:/Users/Kartik U C/Documents/GitHub/EE739-Superscalar/Superscalar/concatenate.vhd Line: 8
Info (12021): Found 2 design units, including 1 entities, in source file fetch.vhd
    Info (12022): Found design unit 1: fetch-stage1 File: C:/Users/Kartik U C/Documents/GitHub/EE739-Superscalar/Superscalar/fetch.vhd Line: 16
    Info (12023): Found entity 1: fetch File: C:/Users/Kartik U C/Documents/GitHub/EE739-Superscalar/Superscalar/fetch.vhd Line: 8
Info (12021): Found 2 design units, including 1 entities, in source file fetchreg.vhd
    Info (12022): Found design unit 1: fetchreg-pipereg File: C:/Users/Kartik U C/Documents/GitHub/EE739-Superscalar/Superscalar/fetchreg.vhd Line: 15
    Info (12023): Found entity 1: fetchreg File: C:/Users/Kartik U C/Documents/GitHub/EE739-Superscalar/Superscalar/fetchreg.vhd Line: 7
Info (12021): Found 2 design units, including 1 entities, in source file zeroextend.vhd
    Info (12022): Found design unit 1: zeroextend-zeroarch File: C:/Users/Kartik U C/Documents/GitHub/EE739-Superscalar/Superscalar/zeroextend.vhd Line: 9
    Info (12023): Found entity 1: zeroextend File: C:/Users/Kartik U C/Documents/GitHub/EE739-Superscalar/Superscalar/zeroextend.vhd Line: 4
Info (12021): Found 2 design units, including 1 entities, in source file instructionfile.vhd
    Info (12022): Found design unit 1: stage2-stage2arch File: C:/Users/Kartik U C/Documents/GitHub/EE739-Superscalar/Superscalar/instructionfile.vhd Line: 50
    Info (12023): Found entity 1: stage2 File: C:/Users/Kartik U C/Documents/GitHub/EE739-Superscalar/Superscalar/instructionfile.vhd Line: 8
Info (12021): Found 2 design units, including 1 entities, in source file addtwo.vhd
    Info (12022): Found design unit 1: addtwo-behav File: C:/Users/Kartik U C/Documents/GitHub/EE739-Superscalar/Superscalar/addtwo.vhd Line: 12
    Info (12023): Found entity 1: addtwo File: C:/Users/Kartik U C/Documents/GitHub/EE739-Superscalar/Superscalar/addtwo.vhd Line: 5
Error (10527): VHDL Variable Assignment Statement error at ROB.vhd(92): Variable Assignment Statement must use := to assign value to variable "total" File: C:/Users/Kartik U C/Documents/GitHub/EE739-Superscalar/Superscalar/ROB.vhd Line: 92
Error: Quartus Prime Analysis & Elaboration was unsuccessful. 1 error, 1 warning
    Error: Peak virtual memory: 4777 megabytes
    Error: Processing ended: Sun Dec 03 10:12:42 2023
    Error: Elapsed time: 00:00:11
    Error: Total CPU time (on all processors): 00:00:10


